<?xml version="1.0" encoding="UTF-8"?>
<!-- Generated by org.testng.reporters.JUnitReportReporter -->
<testsuite skipped="0" hostname="DESKTOP-74TFK7E" name="com.training.sanity.tests.RETC_037_Tests" tests="1" failures="0" timestamp="18 Jan 2019 09:41:52 GMT" time="83.823" errors="0">
  <testcase name="validLoginTest" time="83.823" classname="com.training.sanity.tests.RETC_037_Tests"/>
</testsuite> <!-- com.training.sanity.tests.RETC_037_Tests -->
