<?xml version="1.0" encoding="UTF-8"?>
<!-- Generated by org.testng.reporters.JUnitReportReporter -->
<testsuite skipped="0" hostname="DESKTOP-74TFK7E" name="com.training.sanity.tests.RETC_039_Tests" tests="1" failures="0" timestamp="21 Jan 2019 06:43:03 GMT" time="66.927" errors="0">
  <testcase name="validLoginTest" time="66.927" classname="com.training.sanity.tests.RETC_039_Tests"/>
</testsuite> <!-- com.training.sanity.tests.RETC_039_Tests -->
